Change Component Designator: OldDesignator=BTN? NewDesignator=BTN1
Change Component Designator: OldDesignator=BTN? NewDesignator=BTN2
Change Component Designator: OldDesignator=BTN? NewDesignator=BTN3
Change Component Designator: OldDesignator=BTN? NewDesignator=BTN4
Change Component Designator: OldDesignator=C? NewDesignator=C1
Change Component Designator: OldDesignator=C? NewDesignator=C2
Change Component Designator: OldDesignator=C? NewDesignator=C3
Change Component Designator: OldDesignator=C? NewDesignator=C4
Change Component Designator: OldDesignator=C? NewDesignator=C5
Change Component Designator: OldDesignator=C? NewDesignator=C6
Change Component Designator: OldDesignator=C? NewDesignator=C7
Change Component Designator: OldDesignator=C? NewDesignator=C8
Change Component Designator: OldDesignator=C? NewDesignator=C9
Change Component Designator: OldDesignator=C? NewDesignator=C10
Change Component Designator: OldDesignator=C? NewDesignator=C11
Change Component Designator: OldDesignator=C? NewDesignator=C12
Change Component Designator: OldDesignator=C? NewDesignator=C13
Change Component Designator: OldDesignator=C? NewDesignator=C14
Change Component Designator: OldDesignator=C? NewDesignator=C15
Change Component Designator: OldDesignator=C? NewDesignator=C16
Change Component Designator: OldDesignator=C? NewDesignator=C17
Change Component Designator: OldDesignator=C? NewDesignator=C18
Change Component Designator: OldDesignator=C? NewDesignator=C19
Change Component Designator: OldDesignator=C? NewDesignator=C20
Change Component Designator: OldDesignator=D? NewDesignator=D1
Change Component Designator: OldDesignator=D? NewDesignator=D2
Change Component Designator: OldDesignator=D? NewDesignator=D3
Change Component Designator: OldDesignator=D? NewDesignator=D4
Change Component Designator: OldDesignator=D? NewDesignator=D5
Change Component Designator: OldDesignator=D? NewDesignator=D6
Change Component Designator: OldDesignator=D? NewDesignator=D7
Change Component Designator: OldDesignator=D? NewDesignator=D8
Change Component Designator: OldDesignator=GREEN_TX? NewDesignator=GREEN_TX1
Change Component Designator: OldDesignator=ic? NewDesignator=ic1
Change Component Designator: OldDesignator=J? NewDesignator=J1
Change Component Designator: OldDesignator=J? NewDesignator=J2
Change Component Designator: OldDesignator=JP? NewDesignator=JP1
Change Component Designator: OldDesignator=JP? NewDesignator=JP2
Change Component Designator: OldDesignator=JP? NewDesignator=JP3
Change Component Designator: OldDesignator=JP? NewDesignator=JP4
Change Component Designator: OldDesignator=L? NewDesignator=L1
Change Component Designator: OldDesignator=L? NewDesignator=L2
Change Component Designator: OldDesignator=L_AMBER? NewDesignator=L_AMBER1
Change Component Designator: OldDesignator=LCD? NewDesignator=LCD1
Change Component Designator: OldDesignator=LM? NewDesignator=LM1
Change Component Designator: OldDesignator=P? NewDesignator=P1
Change Component Designator: OldDesignator=P? NewDesignator=P2
Change Component Designator: OldDesignator=P? NewDesignator=P3
Change Component Designator: OldDesignator=P? NewDesignator=P4
Change Component Designator: OldDesignator=Q? NewDesignator=Q1
Change Component Designator: OldDesignator=Q? NewDesignator=Q2
Change Component Designator: OldDesignator=Q? NewDesignator=Q3
Change Component Designator: OldDesignator=R? NewDesignator=R1
Change Component Designator: OldDesignator=R? NewDesignator=R2
Change Component Designator: OldDesignator=R? NewDesignator=R3
Change Component Designator: OldDesignator=R? NewDesignator=R4
Change Component Designator: OldDesignator=R? NewDesignator=R5
Change Component Designator: OldDesignator=R? NewDesignator=R6
Change Component Designator: OldDesignator=R? NewDesignator=R7
Change Component Designator: OldDesignator=R? NewDesignator=R8
Change Component Designator: OldDesignator=R? NewDesignator=R9
Change Component Designator: OldDesignator=R? NewDesignator=R10
Change Component Designator: OldDesignator=R? NewDesignator=R11
Change Component Designator: OldDesignator=R? NewDesignator=R12
Change Component Designator: OldDesignator=R? NewDesignator=R13
Change Component Designator: OldDesignator=R? NewDesignator=R14
Change Component Designator: OldDesignator=R? NewDesignator=R15
Change Component Designator: OldDesignator=R? NewDesignator=R16
Change Component Designator: OldDesignator=R? NewDesignator=R17
Change Component Designator: OldDesignator=R? NewDesignator=R18
Change Component Designator: OldDesignator=R? NewDesignator=R19
Change Component Designator: OldDesignator=R? NewDesignator=R20
Change Component Designator: OldDesignator=R? NewDesignator=R21
Change Component Designator: OldDesignator=R? NewDesignator=R22
Change Component Designator: OldDesignator=R? NewDesignator=R23
Change Component Designator: OldDesignator=R? NewDesignator=R24
Change Component Designator: OldDesignator=R? NewDesignator=R25
Change Component Designator: OldDesignator=R? NewDesignator=R26
Change Component Designator: OldDesignator=R? NewDesignator=R27
Change Component Designator: OldDesignator=R? NewDesignator=R28
Change Component Designator: OldDesignator=RL? NewDesignator=RL1
Change Component Designator: OldDesignator=T? NewDesignator=T1
Change Component Designator: OldDesignator=T? NewDesignator=T2
Change Component Designator: OldDesignator=U? NewDesignator=U1
Change Component Designator: OldDesignator=U? NewDesignator=U2
Change Component Designator: OldDesignator=U? NewDesignator=U3
Change Component Designator: OldDesignator=U? NewDesignator=U4
Change Component Designator: OldDesignator=U? NewDesignator=U5
Change Component Designator: OldDesignator=U? NewDesignator=U6
Change Component Designator: OldDesignator=U? NewDesignator=U7
Change Component Designator: OldDesignator=X? NewDesignator=X1
Change Component Designator: OldDesignator=XT? NewDesignator=XT1
Change Component Designator: OldDesignator=YELLOW_RX? NewDesignator=YELLOW_RX1
Change Net Name : Old Net Name=NetBTN?_1 New Net Name=NetBTN2_1
Change Net Name : Old Net Name=NetBTN?_1 New Net Name=NetBTN3_1
Change Net Name : Old Net Name=NetBTN?_1 New Net Name=NetBTN4_1
Change Net Name : Old Net Name=NetC?_1 New Net Name=NetC5_1
Change Net Name : Old Net Name=NetC?_1 New Net Name=NetC6_1
Change Net Name : Old Net Name=NetC?_1 New Net Name=NetC7_1
Change Net Name : Old Net Name=NetC?_1 New Net Name=NetC12_2
Change Net Name : Old Net Name=NetC?_1 New Net Name=NetC20_1
Change Net Name : Old Net Name=NetC?_2 New Net Name=NetC16_2
Change Net Name : Old Net Name=NetC?_2 New Net Name=NetC20_2
Change Net Name : Old Net Name=NetD?_1 New Net Name=NetD3_1
Change Net Name : Old Net Name=NetD?_1 New Net Name=NetD7_1
Change Net Name : Old Net Name=NetD?_1 New Net Name=NetD8_1
Change Net Name : Old Net Name=NetD?_2 New Net Name=NetD2_2
Change Net Name : Old Net Name=NetD?_2 New Net Name=NetD3_2
Change Net Name : Old Net Name=NetD?_2 New Net Name=NetD4_2
Change Net Name : Old Net Name=NetD?_2 New Net Name=NetD6_C
Change Net Name : Old Net Name=NetD?_2 New Net Name=NetD8_2
Change Net Name : Old Net Name=NetD?_A New Net Name=NetD5_A
Change Net Name : Old Net Name=NetD?_A New Net Name=NetD6_A
Change Net Name : Old Net Name=NetGREEN_TX?_2 New Net Name=NetGREEN_TX1_2
Change Net Name : Old Net Name=Netic?_4 New Net Name=Netic1_4
Change Net Name : Old Net Name=NetL?_2 New Net Name=NetL2_2
Change Net Name : Old Net Name=NetL_AMBER?_1 New Net Name=NetL_AMBER1_1
Change Net Name : Old Net Name=NetP?_1 New Net Name=NetP1_1
Change Net Name : Old Net Name=NetP?_1 New Net Name=NetP2_1
Change Net Name : Old Net Name=NetP?_1 New Net Name=NetP3_1
Change Net Name : Old Net Name=NetP?_1 New Net Name=NetP4_1
Change Net Name : Old Net Name=NetQ?_1 New Net Name=NetQ1_1
Change Net Name : Old Net Name=NetQ?_1 New Net Name=NetQ2_1
Change Net Name : Old Net Name=NetQ?_1 New Net Name=NetQ3_1
Change Net Name : Old Net Name=NetR?_1 New Net Name=NetR1_2
Change Net Name : Old Net Name=NetR?_1 New Net Name=NetR9_2
Change Net Name : Old Net Name=NetR?_1 New Net Name=NetR15_2
Change Net Name : Old Net Name=NetR?_2 New Net Name=NetR13_2
Change Net Name : Old Net Name=NetR?_2 New Net Name=NetR17_2
Change Net Name : Old Net Name=NetR?_2 New Net Name=NetR19_2
Added Member To Class: ClassName=Sheet1 Member=Component BTN2 Nut Nhan 2 Chan SMD 3x6x2.5
Added Member To Class: ClassName=Sheet1 Member=Component BTN3 Nut Nhan 2 Chan SMD 3x6x2.5
Added Member To Class: ClassName=Sheet1 Member=Component BTN4 Nut Nhan 2 Chan SMD 3x6x2.5
Added Member To Class: ClassName=Sheet1 Member=Component C2 4.7uF
Added Member To Class: ClassName=Sheet1 Member=Component C3 0.1uF
Added Member To Class: ClassName=Sheet1 Member=Component C4 0.1uF
Added Member To Class: ClassName=Sheet1 Member=Component C5 15pF
Added Member To Class: ClassName=Sheet1 Member=Component C6 15pF
Added Member To Class: ClassName=Sheet1 Member=Component C7 0.1uF
Added Member To Class: ClassName=Sheet1 Member=Component C8 4.7uF
Added Member To Class: ClassName=Sheet1 Member=Component C9 0.1uF
Added Member To Class: ClassName=Sheet1 Member=Component C10 0.1uF
Added Member To Class: ClassName=Sheet1 Member=Component C11 1000uF
Added Member To Class: ClassName=Sheet1 Member=Component C12 470uF
Added Member To Class: ClassName=Sheet1 Member=Component C13 106
Added Member To Class: ClassName=Sheet1 Member=Component C14 102
Added Member To Class: ClassName=Sheet1 Member=Component C15 47uF
Added Member To Class: ClassName=Sheet1 Member=Component C16 10uF
Added Member To Class: ClassName=Sheet1 Member=Component C17 102
Added Member To Class: ClassName=Sheet1 Member=Component C18 102
Added Member To Class: ClassName=Sheet1 Member=Component C19 104
Added Member To Class: ClassName=Sheet1 Member=Component C20 104
Added Member To Class: ClassName=Sheet1 Member=Component D1 SS34
Added Member To Class: ClassName=Sheet1 Member=Component D2 SS34
Added Member To Class: ClassName=Sheet1 Member=Component D3 M7
Added Member To Class: ClassName=Sheet1 Member=Component D4 1N4007
Added Member To Class: ClassName=Sheet1 Member=Component D5 MBRA160T3G
Added Member To Class: ClassName=Sheet1 Member=Component D7 2A 1000v
Added Member To Class: ClassName=Sheet1 Member=Component D8 12V
Added Member To Class: ClassName=Sheet1 Member=Component J2 Header 3X2
Added Member To Class: ClassName=Sheet1 Member=Component JP1 JP 1x4 2.54
Added Member To Class: ClassName=Sheet1 Member=Component JP2 JP 1x4 2.54
Added Member To Class: ClassName=Sheet1 Member=Component JP4 JP 1x2 2.54
Added Member To Class: ClassName=Sheet1 Member=Component L1 470uH - 3A
Added Member To Class: ClassName=Sheet1 Member=Component P2 CON 2 EDG5.08
Added Member To Class: ClassName=Sheet1 Member=Component P3 CON 2 EDG5.08
Added Member To Class: ClassName=Sheet1 Member=Component P4 CON 2 EDG5.08
Added Member To Class: ClassName=Sheet1 Member=Component Q2 IRFZ44
Added Member To Class: ClassName=Sheet1 Member=Component Q3 IRFZ44
Added Member To Class: ClassName=Sheet1 Member=Component R1 10k
Added Member To Class: ClassName=Sheet1 Member=Component R2 1k
Added Member To Class: ClassName=Sheet1 Member=Component R3 100R
Added Member To Class: ClassName=Sheet1 Member=Component R4 680R
Added Member To Class: ClassName=Sheet1 Member=Component R5 1k
Added Member To Class: ClassName=Sheet1 Member=Component R7 680R
Added Member To Class: ClassName=Sheet1 Member=Component R8 1k
Added Member To Class: ClassName=Sheet1 Member=Component R9 10k
Added Member To Class: ClassName=Sheet1 Member=Component R10 100R
Added Member To Class: ClassName=Sheet1 Member=Component R11 680R
Added Member To Class: ClassName=Sheet1 Member=Component R12 10k
Added Member To Class: ClassName=Sheet1 Member=Component R13 680R
Added Member To Class: ClassName=Sheet1 Member=Component R14 680R
Added Member To Class: ClassName=Sheet1 Member=Component R15 10k
Added Member To Class: ClassName=Sheet1 Member=Component R16 100R
Added Member To Class: ClassName=Sheet1 Member=Component R17 680R
Added Member To Class: ClassName=Sheet1 Member=Component R18 10k
Added Member To Class: ClassName=Sheet1 Member=Component R19 680R
Added Member To Class: ClassName=Sheet1 Member=Component R20 22R
Added Member To Class: ClassName=Sheet1 Member=Component R21 4.7k
Added Member To Class: ClassName=Sheet1 Member=Component R22 1k
Added Member To Class: ClassName=Sheet1 Member=Component R23 4.7k
Added Member To Class: ClassName=Sheet1 Member=Component R24 4.7k
Added Member To Class: ClassName=Sheet1 Member=Component R25 1k
Added Member To Class: ClassName=Sheet1 Member=Component R26 1k
Added Member To Class: ClassName=Sheet1 Member=Component R27 1k
Added Member To Class: ClassName=Sheet1 Member=Component R28 1k
Added Member To Class: ClassName=Sheet1 Member=Component T2 10K
Added Member To Class: ClassName=Sheet1 Member=Component U1 ATMEGA168-20AU
Added Member To Class: ClassName=Sheet1 Member=Component U2 OPTO PC817 SMD
Added Member To Class: ClassName=Sheet1 Member=Component U4 OPTO PC817 SMD
Added Member To Class: ClassName=Sheet1 Member=Component U5 PCF8574
Added Member To Class: ClassName=Sheet1 Member=Component U6 OPTO PC817 SMD
Added Member To Class: ClassName=Sheet1 Member=Component U7 OPTO PC817 DIP4
