Change Component Designator: OldDesignator=BTN1 NewDesignator=BTN?
Change Component Designator: OldDesignator=BTN2 NewDesignator=BTN?
Change Component Designator: OldDesignator=BTN3 NewDesignator=BTN?
Change Component Designator: OldDesignator=BTN4 NewDesignator=BTN?
Change Component Designator: OldDesignator=C1 NewDesignator=C?
Change Component Designator: OldDesignator=C2 NewDesignator=C?
Change Component Designator: OldDesignator=C3 NewDesignator=C?
Change Component Designator: OldDesignator=C4 NewDesignator=C?
Change Component Designator: OldDesignator=C5 NewDesignator=C?
Change Component Designator: OldDesignator=C6 NewDesignator=C?
Change Component Designator: OldDesignator=C7 NewDesignator=C?
Change Component Designator: OldDesignator=C8 NewDesignator=C?
Change Component Designator: OldDesignator=C9 NewDesignator=C?
Change Component Designator: OldDesignator=C10 NewDesignator=C?
Change Component Designator: OldDesignator=C11 NewDesignator=C?
Change Component Designator: OldDesignator=C12 NewDesignator=C?
Change Component Designator: OldDesignator=C13 NewDesignator=C?
Change Component Designator: OldDesignator=C14 NewDesignator=C?
Change Component Designator: OldDesignator=C15 NewDesignator=C?
Change Component Designator: OldDesignator=C16 NewDesignator=C?
Change Component Designator: OldDesignator=C17 NewDesignator=C?
Change Component Designator: OldDesignator=C18 NewDesignator=C?
Change Component Designator: OldDesignator=C19 NewDesignator=C?
Change Component Designator: OldDesignator=C20 NewDesignator=C?
Change Component Designator: OldDesignator=D1 NewDesignator=D?
Change Component Designator: OldDesignator=D2 NewDesignator=D?
Change Component Designator: OldDesignator=D3 NewDesignator=D?
Change Component Designator: OldDesignator=D4 NewDesignator=D?
Change Component Designator: OldDesignator=D5 NewDesignator=D?
Change Component Designator: OldDesignator=D6 NewDesignator=D?
Change Component Designator: OldDesignator=D7 NewDesignator=D?
Change Component Designator: OldDesignator=D8 NewDesignator=D?
Change Component Designator: OldDesignator=GREEN_TX1 NewDesignator=GREEN_TX?
Change Component Designator: OldDesignator=ic1 NewDesignator=ic?
Change Component Designator: OldDesignator=J1 NewDesignator=J?
Change Component Designator: OldDesignator=J2 NewDesignator=J?
Change Component Designator: OldDesignator=JP1 NewDesignator=JP?
Change Component Designator: OldDesignator=JP2 NewDesignator=JP?
Change Component Designator: OldDesignator=JP3 NewDesignator=JP?
Change Component Designator: OldDesignator=JP4 NewDesignator=JP?
Change Component Designator: OldDesignator=L1 NewDesignator=L?
Change Component Designator: OldDesignator=L2 NewDesignator=L?
Change Component Designator: OldDesignator=L_AMBER1 NewDesignator=L_AMBER?
Change Component Designator: OldDesignator=LCD1 NewDesignator=LCD?
Change Component Designator: OldDesignator=LM1 NewDesignator=LM?
Change Component Designator: OldDesignator=P1 NewDesignator=P?
Change Component Designator: OldDesignator=P2 NewDesignator=P?
Change Component Designator: OldDesignator=P3 NewDesignator=P?
Change Component Designator: OldDesignator=P4 NewDesignator=P?
Change Component Designator: OldDesignator=Q1 NewDesignator=Q?
Change Component Designator: OldDesignator=Q2 NewDesignator=Q?
Change Component Designator: OldDesignator=Q3 NewDesignator=Q?
Change Component Designator: OldDesignator=R1 NewDesignator=R?
Change Component Designator: OldDesignator=R2 NewDesignator=R?
Change Component Designator: OldDesignator=R3 NewDesignator=R?
Change Component Designator: OldDesignator=R4 NewDesignator=R?
Change Component Designator: OldDesignator=R5 NewDesignator=R?
Change Component Designator: OldDesignator=R6 NewDesignator=R?
Change Component Designator: OldDesignator=R7 NewDesignator=R?
Change Component Designator: OldDesignator=R8 NewDesignator=R?
Change Component Designator: OldDesignator=R9 NewDesignator=R?
Change Component Designator: OldDesignator=R10 NewDesignator=R?
Change Component Designator: OldDesignator=R11 NewDesignator=R?
Change Component Designator: OldDesignator=R12 NewDesignator=R?
Change Component Designator: OldDesignator=R13 NewDesignator=R?
Change Component Designator: OldDesignator=R14 NewDesignator=R?
Change Component Designator: OldDesignator=R15 NewDesignator=R?
Change Component Designator: OldDesignator=R16 NewDesignator=R?
Change Component Designator: OldDesignator=R17 NewDesignator=R?
Change Component Designator: OldDesignator=R18 NewDesignator=R?
Change Component Designator: OldDesignator=R19 NewDesignator=R?
Change Component Designator: OldDesignator=R20 NewDesignator=R?
Change Component Designator: OldDesignator=R21 NewDesignator=R?
Change Component Designator: OldDesignator=R22 NewDesignator=R?
Change Component Designator: OldDesignator=R23 NewDesignator=R?
Change Component Designator: OldDesignator=R24 NewDesignator=R?
Change Component Designator: OldDesignator=R25 NewDesignator=R?
Change Component Designator: OldDesignator=R26 NewDesignator=R?
Change Component Designator: OldDesignator=R27 NewDesignator=R?
Change Component Designator: OldDesignator=R28 NewDesignator=R?
Change Component Designator: OldDesignator=RL1 NewDesignator=RL?
Change Component Designator: OldDesignator=T1 NewDesignator=T?
Change Component Designator: OldDesignator=T2 NewDesignator=T?
Change Component Designator: OldDesignator=U1 NewDesignator=U?
Change Component Designator: OldDesignator=U2 NewDesignator=U?
Change Component Designator: OldDesignator=U3 NewDesignator=U?
Change Component Designator: OldDesignator=U4 NewDesignator=U?
Change Component Designator: OldDesignator=U5 NewDesignator=U?
Change Component Designator: OldDesignator=U6 NewDesignator=U?
Change Component Designator: OldDesignator=U7 NewDesignator=U?
Change Component Designator: OldDesignator=X1 NewDesignator=X?
Change Component Designator: OldDesignator=XT1 NewDesignator=XT?
Change Component Designator: OldDesignator=YELLOW_RX1 NewDesignator=YELLOW_RX?
Change Net Name : Old Net Name=NetBTN2_1 New Net Name=NetBTN?_1
Change Net Name : Old Net Name=NetBTN3_1 New Net Name=NetBTN?_1
Change Net Name : Old Net Name=NetBTN4_1 New Net Name=NetBTN?_1
Change Net Name : Old Net Name=NetC5_1 New Net Name=NetC?_1
Change Net Name : Old Net Name=NetC6_1 New Net Name=NetC?_1
Change Net Name : Old Net Name=NetC7_1 New Net Name=NetC?_1
Change Net Name : Old Net Name=NetC12_2 New Net Name=NetC?_1
Change Net Name : Old Net Name=NetC16_2 New Net Name=NetC?_2
Change Net Name : Old Net Name=NetC20_1 New Net Name=NetC?_1
Change Net Name : Old Net Name=NetC20_2 New Net Name=NetC?_2
Change Net Name : Old Net Name=NetD2_2 New Net Name=NetD?_2
Change Net Name : Old Net Name=NetD3_1 New Net Name=NetD?_1
Change Net Name : Old Net Name=NetD3_2 New Net Name=NetD?_2
Change Net Name : Old Net Name=NetD4_2 New Net Name=NetD?_2
Change Net Name : Old Net Name=NetD5_A New Net Name=NetD?_A
Change Net Name : Old Net Name=NetD6_A New Net Name=NetD?_A
Change Net Name : Old Net Name=NetD6_C New Net Name=NetD?_2
Change Net Name : Old Net Name=NetD7_1 New Net Name=NetD?_1
Change Net Name : Old Net Name=NetD8_1 New Net Name=NetD?_1
Change Net Name : Old Net Name=NetD8_2 New Net Name=NetD?_2
Change Net Name : Old Net Name=NetGREEN_TX1_2 New Net Name=NetGREEN_TX?_2
Change Net Name : Old Net Name=Netic1_4 New Net Name=Netic?_4
Change Net Name : Old Net Name=NetL2_2 New Net Name=NetL?_2
Change Net Name : Old Net Name=NetL_AMBER1_1 New Net Name=NetL_AMBER?_1
Change Net Name : Old Net Name=NetP1_1 New Net Name=NetP?_1
Change Net Name : Old Net Name=NetP2_1 New Net Name=NetP?_1
Change Net Name : Old Net Name=NetP3_1 New Net Name=NetP?_1
Change Net Name : Old Net Name=NetP4_1 New Net Name=NetP?_1
Change Net Name : Old Net Name=NetQ1_1 New Net Name=NetQ?_1
Change Net Name : Old Net Name=NetQ2_1 New Net Name=NetQ?_1
Change Net Name : Old Net Name=NetQ3_1 New Net Name=NetQ?_1
Change Net Name : Old Net Name=NetR1_2 New Net Name=NetR?_1
Change Net Name : Old Net Name=NetR9_2 New Net Name=NetR?_1
Change Net Name : Old Net Name=NetR13_2 New Net Name=NetR?_2
Change Net Name : Old Net Name=NetR15_2 New Net Name=NetR?_1
Change Net Name : Old Net Name=NetR17_2 New Net Name=NetR?_2
Change Net Name : Old Net Name=NetR19_2 New Net Name=NetR?_2
Added Member To Class: ClassName=Sheet1 Member=Component R? 100R
Added Member To Class: ClassName=Sheet1 Member=Component R? 680R
Added Member To Class: ClassName=Sheet1 Member=Component R? 680R
Added Member To Class: ClassName=Sheet1 Member=Component R? 100R
Added Member To Class: ClassName=Sheet1 Member=Component R? 680R
Added Member To Class: ClassName=Sheet1 Member=Component R? 100R
